<?xml version="1.0" encoding="UTF-8"?>
<testsuite name="com.example.parqueadero.ParqueaderoApplicationTests" tests="1" skipped="0" failures="0" errors="0" timestamp="2024-09-29T01:40:26" hostname="DESKTOP-IB90627" time="0.83">
  <properties/>
  <testcase name="contextLoads()" classname="com.example.parqueadero.ParqueaderoApplicationTests" time="0.83"/>
  <system-out><![CDATA[20:40:21.633 [Test worker] INFO org.springframework.test.context.support.AnnotationConfigContextLoaderUtils -- Could not detect default configuration classes for test class [com.example.parqueadero.ParqueaderoApplicationTests]: ParqueaderoApplicationTests does not declare any static, non-private, non-final, nested classes annotated with @Configuration.
20:40:21.744 [Test worker] INFO org.springframework.boot.test.context.SpringBootTestContextBootstrapper -- Found @SpringBootConfiguration com.example.parqueadero.ParqueaderoApplication for test class com.example.parqueadero.ParqueaderoApplicationTests

  .   ____          _            __ _ _
 /\\ / ___'_ __ _ _(_)_ __  __ _ \ \ \ \
( ( )\___ | '_ | '_| | '_ \/ _` | \ \ \ \
 \\/  ___)| |_)| | | | | || (_| |  ) ) ) )
  '  |____| .__|_| |_|_| |_\__, | / / / /
 =========|_|==============|___/=/_/_/_/

 :: Spring Boot ::                (v3.3.3)

2024-09-28T20:40:22.181-05:00  INFO 79516 --- [    Test worker] c.e.p.ParqueaderoApplicationTests        : Starting ParqueaderoApplicationTests using Java 17.0.8.1 with PID 79516 (started by PC in C:\Users\PC\Documents\GitHub\TALLER_ARQUITECTURA_2\parqueadero-backend)
2024-09-28T20:40:22.183-05:00  INFO 79516 --- [    Test worker] c.e.p.ParqueaderoApplicationTests        : No active profile set, falling back to 1 default profile: "default"
2024-09-28T20:40:22.814-05:00  INFO 79516 --- [    Test worker] .s.d.r.c.RepositoryConfigurationDelegate : Bootstrapping Spring Data MongoDB repositories in DEFAULT mode.
2024-09-28T20:40:22.896-05:00  INFO 79516 --- [    Test worker] .s.d.r.c.RepositoryConfigurationDelegate : Finished Spring Data repository scanning in 76 ms. Found 3 MongoDB repository interfaces.
2024-09-28T20:40:23.558-05:00  INFO 79516 --- [    Test worker] org.mongodb.driver.client                : MongoClient with metadata {"application": {"name": "Cluster1"}, "driver": {"name": "mongo-java-driver|sync|spring-boot", "version": "5.0.1"}, "os": {"type": "Windows", "name": "Windows 10", "architecture": "amd64", "version": "10.0"}, "platform": "Java/Eclipse Adoptium/17.0.8.1+1"} created with settings MongoClientSettings{readPreference=primary, writeConcern=WriteConcern{w=majority, wTimeout=null ms, journal=null}, retryWrites=true, retryReads=true, readConcern=ReadConcern{level=null}, credential=MongoCredential{mechanism=null, userName='luisitafernanda2003', source='admin', password=<hidden>, mechanismProperties=<hidden>}, transportSettings=null, commandListeners=[], codecRegistry=ProvidersCodecRegistry{codecProviders=[ValueCodecProvider{}, BsonValueCodecProvider{}, DBRefCodecProvider{}, DBObjectCodecProvider{}, DocumentCodecProvider{}, CollectionCodecProvider{}, IterableCodecProvider{}, MapCodecProvider{}, GeoJsonCodecProvider{}, GridFSFileCodecProvider{}, Jsr310CodecProvider{}, JsonObjectCodecProvider{}, BsonCodecProvider{}, EnumCodecProvider{}, com.mongodb.client.model.mql.ExpressionCodecProvider@29079032, com.mongodb.Jep395RecordCodecProvider@7e7743ec, com.mongodb.KotlinCodecProvider@776015fc]}, loggerSettings=LoggerSettings{maxDocumentLength=1000}, clusterSettings={hosts=[127.0.0.1:27017], srvHost=cluster1.o2ery.mongodb.net, srvServiceName=mongodb, mode=MULTIPLE, requiredClusterType=REPLICA_SET, requiredReplicaSetName='atlas-10u527-shard-0', serverSelector='null', clusterListeners='[]', serverSelectionTimeout='30000 ms', localThreshold='15 ms'}, socketSettings=SocketSettings{connectTimeoutMS=10000, readTimeoutMS=0, receiveBufferSize=0, proxySettings=ProxySettings{host=null, port=null, username=null, password=null}}, heartbeatSocketSettings=SocketSettings{connectTimeoutMS=10000, readTimeoutMS=10000, receiveBufferSize=0, proxySettings=ProxySettings{host=null, port=null, username=null, password=null}}, connectionPoolSettings=ConnectionPoolSettings{maxSize=100, minSize=0, maxWaitTimeMS=120000, maxConnectionLifeTimeMS=0, maxConnectionIdleTimeMS=0, maintenanceInitialDelayMS=0, maintenanceFrequencyMS=60000, connectionPoolListeners=[], maxConnecting=2}, serverSettings=ServerSettings{heartbeatFrequencyMS=10000, minHeartbeatFrequencyMS=500, serverListeners='[]', serverMonitorListeners='[]'}, sslSettings=SslSettings{enabled=true, invalidHostNameAllowed=false, context=null}, applicationName='Cluster1', compressorList=[], uuidRepresentation=JAVA_LEGACY, serverApi=null, autoEncryptionSettings=null, dnsClient=null, inetAddressResolver=null, contextProvider=null}
2024-09-28T20:40:23.775-05:00  INFO 79516 --- [ery.mongodb.net] org.mongodb.driver.cluster               : Adding discovered server cluster1-shard-00-00.o2ery.mongodb.net:27017 to client view of cluster
2024-09-28T20:40:23.809-05:00  INFO 79516 --- [ery.mongodb.net] org.mongodb.driver.cluster               : Adding discovered server cluster1-shard-00-01.o2ery.mongodb.net:27017 to client view of cluster
2024-09-28T20:40:23.814-05:00  INFO 79516 --- [ery.mongodb.net] org.mongodb.driver.cluster               : Adding discovered server cluster1-shard-00-02.o2ery.mongodb.net:27017 to client view of cluster
2024-09-28T20:40:24.513-05:00  INFO 79516 --- [    Test worker] c.e.p.ParqueaderoApplicationTests        : Started ParqueaderoApplicationTests in 2.586 seconds (process running for 3.735)
2024-09-28T20:40:24.603-05:00  INFO 79516 --- [    Test worker] org.mongodb.driver.cluster               : Waiting for server to become available for operation with ID 7. Remaining time: 30000 ms. Selector: ReadPreferenceServerSelector{readPreference=primary}, topology description: {type=REPLICA_SET, servers=[{address=cluster1-shard-00-00.o2ery.mongodb.net:27017, type=UNKNOWN, state=CONNECTING}, {address=cluster1-shard-00-01.o2ery.mongodb.net:27017, type=UNKNOWN, state=CONNECTING}, {address=cluster1-shard-00-02.o2ery.mongodb.net:27017, type=UNKNOWN, state=CONNECTING}].
2024-09-28T20:40:24.918-05:00  INFO 79516 --- [ngodb.net:27017] org.mongodb.driver.cluster               : Monitor thread successfully connected to server with description ServerDescription{address=cluster1-shard-00-01.o2ery.mongodb.net:27017, type=REPLICA_SET_SECONDARY, state=CONNECTED, ok=true, minWireVersion=0, maxWireVersion=21, maxDocumentSize=16777216, logicalSessionTimeoutMinutes=30, roundTripTimeNanos=524110200, setName='atlas-10u527-shard-0', canonicalAddress=cluster1-shard-00-01.o2ery.mongodb.net:27017, hosts=[cluster1-shard-00-02.o2ery.mongodb.net:27017, cluster1-shard-00-01.o2ery.mongodb.net:27017, cluster1-shard-00-00.o2ery.mongodb.net:27017], passives=[], arbiters=[], primary='cluster1-shard-00-02.o2ery.mongodb.net:27017', tagSet=TagSet{[Tag{name='availabilityZone', value='use1-az6'}, Tag{name='diskState', value='READY'}, Tag{name='nodeType', value='ELECTABLE'}, Tag{name='provider', value='AWS'}, Tag{name='region', value='US_EAST_1'}, Tag{name='workloadType', value='OPERATIONAL'}]}, electionId=null, setVersion=187, topologyVersion=TopologyVersion{processId=66f8210d4ddd8a633f5ebe47, counter=3}, lastWriteDate=Sat Sep 28 20:40:23 COT 2024, lastUpdateTimeNanos=199329562957300}
2024-09-28T20:40:24.918-05:00  INFO 79516 --- [ngodb.net:27017] org.mongodb.driver.cluster               : Monitor thread successfully connected to server with description ServerDescription{address=cluster1-shard-00-00.o2ery.mongodb.net:27017, type=REPLICA_SET_SECONDARY, state=CONNECTED, ok=true, minWireVersion=0, maxWireVersion=21, maxDocumentSize=16777216, logicalSessionTimeoutMinutes=30, roundTripTimeNanos=515102800, setName='atlas-10u527-shard-0', canonicalAddress=cluster1-shard-00-00.o2ery.mongodb.net:27017, hosts=[cluster1-shard-00-02.o2ery.mongodb.net:27017, cluster1-shard-00-01.o2ery.mongodb.net:27017, cluster1-shard-00-00.o2ery.mongodb.net:27017], passives=[], arbiters=[], primary='cluster1-shard-00-02.o2ery.mongodb.net:27017', tagSet=TagSet{[Tag{name='availabilityZone', value='use1-az4'}, Tag{name='diskState', value='READY'}, Tag{name='nodeType', value='ELECTABLE'}, Tag{name='provider', value='AWS'}, Tag{name='region', value='US_EAST_1'}, Tag{name='workloadType', value='OPERATIONAL'}]}, electionId=null, setVersion=187, topologyVersion=TopologyVersion{processId=66f81fd52da12fddcee905a5, counter=4}, lastWriteDate=Sat Sep 28 20:40:23 COT 2024, lastUpdateTimeNanos=199329564559500}
2024-09-28T20:40:24.919-05:00  INFO 79516 --- [ngodb.net:27017] org.mongodb.driver.cluster               : Monitor thread successfully connected to server with description ServerDescription{address=cluster1-shard-00-02.o2ery.mongodb.net:27017, type=REPLICA_SET_PRIMARY, state=CONNECTED, ok=true, minWireVersion=0, maxWireVersion=21, maxDocumentSize=16777216, logicalSessionTimeoutMinutes=30, roundTripTimeNanos=520663900, setName='atlas-10u527-shard-0', canonicalAddress=cluster1-shard-00-02.o2ery.mongodb.net:27017, hosts=[cluster1-shard-00-02.o2ery.mongodb.net:27017, cluster1-shard-00-01.o2ery.mongodb.net:27017, cluster1-shard-00-00.o2ery.mongodb.net:27017], passives=[], arbiters=[], primary='cluster1-shard-00-02.o2ery.mongodb.net:27017', tagSet=TagSet{[Tag{name='availabilityZone', value='use1-az1'}, Tag{name='diskState', value='READY'}, Tag{name='nodeType', value='ELECTABLE'}, Tag{name='provider', value='AWS'}, Tag{name='region', value='US_EAST_1'}, Tag{name='workloadType', value='OPERATIONAL'}]}, electionId=7fffffff00000000000001c1, setVersion=187, topologyVersion=TopologyVersion{processId=66f81eedd7c12aea1971a10b, counter=6}, lastWriteDate=Sat Sep 28 20:40:23 COT 2024, lastUpdateTimeNanos=199329566600700}
2024-09-28T20:40:24.924-05:00  INFO 79516 --- [ngodb.net:27017] org.mongodb.driver.cluster               : Discovered replica set primary cluster1-shard-00-02.o2ery.mongodb.net:27017 with max election id 7fffffff00000000000001c1 and max set version 187
La base de datos ya tiene parqueaderos, no se cargaron nuevos datos.
]]></system-out>
  <system-err><![CDATA[]]></system-err>
</testsuite>
